# JRE version: Java(TM) SE Runtime Environment (8.0_172-b11) (build 1.8.0_172-b11)
# Java VM: Java HotSpot(TM) 64-Bit Server VM (25.172-b11 mixed mode linux-amd64 compressed oops)
Heap:
 PSYoungGen      total 203776K, used 11255K [0x00000000e1780000, 0x00000000ee980000, 0x0000000100000000)
  eden space 192512K, 0% used [0x00000000e1780000,0x00000000e1780000,0x00000000ed380000)
  from space 11264K, 99% used [0x00000000ed380000,0x00000000ede7df90,0x00000000ede80000)
  to   space 11264K, 0% used [0x00000000ede80000,0x00000000ede80000,0x00000000ee980000)
 ParOldGen       total 55808K, used 38945K [0x00000000a4600000, 0x00000000a7c80000, 0x00000000e1780000)
  object space 55808K, 69% used [0x00000000a4600000,0x00000000a6c08778,0x00000000a7c80000)
 Metaspace       used 33545K, capacity 34122K, committed 34432K, reserved 1079296K
  class space    used 3750K, capacity 3923K, committed 3968K, reserved 1048576K
GC Heap History (10 events):
Event: 2.910 GC heap after
Heap after GC invocations=3 (full 0):
 PSYoungGen      total 51712K, used 3568K [0x00000000e1780000, 0x00000000e7c80000, 0x0000000100000000)
  eden space 48128K, 0% used [0x00000000e1780000,0x00000000e1780000,0x00000000e4680000)
  from space 3584K, 99% used [0x00000000e4680000,0x00000000e49fc010,0x00000000e4a00000)
  to   space 3584K, 0% used [0x00000000e7900000,0x00000000e7900000,0x00000000e7c80000)
 ParOldGen       total 62976K, used 5334K [0x00000000a4600000, 0x00000000a8380000, 0x00000000e1780000)
  object space 62976K, 8% used [0x00000000a4600000,0x00000000a4b35af0,0x00000000a8380000)
 Metaspace       used 13623K, capacity 13926K, committed 14080K, reserved 1060864K
  class space    used 1657K, capacity 1759K, committed 1792K, reserved 1048576K
}
Event: 3.638 GC heap before
{Heap before GC invocations=4 (full 0):
 PSYoungGen      total 51712K, used 51696K [0x00000000e1780000, 0x00000000e7c80000, 0x0000000100000000)
  eden space 48128K, 100% used [0x00000000e1780000,0x00000000e4680000,0x00000000e4680000)
  from space 3584K, 99% used [0x00000000e4680000,0x00000000e49fc010,0x00000000e4a00000)
  to   space 3584K, 0% used [0x00000000e7900000,0x00000000e7900000,0x00000000e7c80000)
 ParOldGen       total 62976K, used 5334K [0x00000000a4600000, 0x00000000a8380000, 0x00000000e1780000)
  object space 62976K, 8% used [0x00000000a4600000,0x00000000a4b35af0,0x00000000a8380000)
 Metaspace       used 14280K, capacity 14622K, committed 14976K, reserved 1062912K
  class space    used 1717K, capacity 1799K, committed 1920K, reserved 1048576K
Event: 3.646 GC heap after
Heap after GC invocations=4 (full 0):
 PSYoungGen      total 99840K, used 3552K [0x00000000e1780000, 0x00000000e7c80000, 0x0000000100000000)
  eden space 96256K, 0% used [0x00000000e1780000,0x00000000e1780000,0x00000000e7580000)
  from space 3584K, 99% used [0x00000000e7900000,0x00000000e7c78020,0x00000000e7c80000)
  to   space 3584K, 0% used [0x00000000e7580000,0x00000000e7580000,0x00000000e7900000)
 ParOldGen       total 62976K, used 7638K [0x00000000a4600000, 0x00000000a8380000, 0x00000000e1780000)
  object space 62976K, 12% used [0x00000000a4600000,0x00000000a4d75890,0x00000000a8380000)
 Metaspace       used 14280K, capacity 14622K, committed 14976K, reserved 1062912K
  class space    used 1717K, capacity 1799K, committed 1920K, reserved 1048576K
}
Event: 5.376 GC heap before
{Heap before GC invocations=5 (full 0):
 PSYoungGen      total 99840K, used 99808K [0x00000000e1780000, 0x00000000e7c80000, 0x0000000100000000)
  eden space 96256K, 100% used [0x00000000e1780000,0x00000000e7580000,0x00000000e7580000)
  from space 3584K, 99% used [0x00000000e7900000,0x00000000e7c78020,0x00000000e7c80000)
  to   space 3584K, 0% used [0x00000000e7580000,0x00000000e7580000,0x00000000e7900000)
 ParOldGen       total 62976K, used 7638K [0x00000000a4600000, 0x00000000a8380000, 0x00000000e1780000)
  object space 62976K, 12% used [0x00000000a4600000,0x00000000a4d75890,0x00000000a8380000)
 Metaspace       used 19262K, capacity 19768K, committed 19968K, reserved 1067008K
  class space    used 2331K, capacity 2472K, committed 2560K, reserved 1048576K
Event: 5.411 GC heap after
Heap after GC invocations=5 (full 0):
 PSYoungGen      total 99840K, used 3568K [0x00000000e1780000, 0x00000000ee980000, 0x0000000100000000)
  eden space 96256K, 0% used [0x00000000e1780000,0x00000000e1780000,0x00000000e7580000)
  from space 3584K, 99% used [0x00000000e7580000,0x00000000e78fc010,0x00000000e7900000)
  to   space 11264K, 0% used [0x00000000ede80000,0x00000000ede80000,0x00000000ee980000)
 ParOldGen       total 62976K, used 15388K [0x00000000a4600000, 0x00000000a8380000, 0x00000000e1780000)
  object space 62976K, 24% used [0x00000000a4600000,0x00000000a5507300,0x00000000a8380000)
 Metaspace       used 19262K, capacity 19768K, committed 19968K, reserved 1067008K
  class space    used 2331K, capacity 2472K, committed 2560K, reserved 1048576K
}
Event: 5.908 GC heap before
{Heap before GC invocations=6 (full 0):
 PSYoungGen      total 99840K, used 34800K [0x00000000e1780000, 0x00000000ee980000, 0x0000000100000000)
  eden space 96256K, 32% used [0x00000000e1780000,0x00000000e3600010,0x00000000e7580000)
  from space 3584K, 99% used [0x00000000e7580000,0x00000000e78fc010,0x00000000e7900000)
  to   space 11264K, 0% used [0x00000000ede80000,0x00000000ede80000,0x00000000ee980000)
 ParOldGen       total 62976K, used 15388K [0x00000000a4600000, 0x00000000a8380000, 0x00000000e1780000)
  object space 62976K, 24% used [0x00000000a4600000,0x00000000a5507300,0x00000000a8380000)
 Metaspace       used 20638K, capacity 21112K, committed 21296K, reserved 1069056K
  class space    used 2452K, capacity 2600K, committed 2688K, reserved 1048576K
Event: 5.918 GC heap after
Heap after GC invocations=6 (full 0):
 PSYoungGen      total 203776K, used 7536K [0x00000000e1780000, 0x00000000ee980000, 0x0000000100000000)
  eden space 192512K, 0% used [0x00000000e1780000,0x00000000e1780000,0x00000000ed380000)
  from space 11264K, 66% used [0x00000000ede80000,0x00000000ee5dc180,0x00000000ee980000)
  to   space 11264K, 0% used [0x00000000ed380000,0x00000000ed380000,0x00000000ede80000)
 ParOldGen       total 62976K, used 15396K [0x00000000a4600000, 0x00000000a8380000, 0x00000000e1780000)
  object space 62976K, 24% used [0x00000000a4600000,0x00000000a5509300,0x00000000a8380000)
 Metaspace       used 20638K, capacity 21112K, committed 21296K, reserved 1069056K
  class space    used 2452K, capacity 2600K, committed 2688K, reserved 1048576K
}
Event: 5.918 GC heap before
{Heap before GC invocations=7 (full 1):
 PSYoungGen      total 203776K, used 7536K [0x00000000e1780000, 0x00000000ee980000, 0x0000000100000000)
  eden space 192512K, 0% used [0x00000000e1780000,0x00000000e1780000,0x00000000ed380000)
  from space 11264K, 66% used [0x00000000ede80000,0x00000000ee5dc180,0x00000000ee980000)
  to   space 11264K, 0% used [0x00000000ed380000,0x00000000ed380000,0x00000000ede80000)
 ParOldGen       total 62976K, used 15396K [0x00000000a4600000, 0x00000000a8380000, 0x00000000e1780000)
  object space 62976K, 24% used [0x00000000a4600000,0x00000000a5509300,0x00000000a8380000)
 Metaspace       used 20638K, capacity 21112K, committed 21296K, reserved 1069056K
  class space    used 2452K, capacity 2600K, committed 2688K, reserved 1048576K
Event: 5.976 GC heap after
Heap after GC invocations=7 (full 1):
 PSYoungGen      total 203776K, used 0K [0x00000000e1780000, 0x00000000ee980000, 0x0000000100000000)
  eden space 192512K, 0% used [0x00000000e1780000,0x00000000e1780000,0x00000000ed380000)
  from space 11264K, 0% used [0x00000000ede80000,0x00000000ede80000,0x00000000ee980000)
  to   space 11264K, 0% used [0x00000000ed380000,0x00000000ed380000,0x00000000ede80000)
 ParOldGen       total 55808K, used 14522K [0x00000000a4600000, 0x00000000a7c80000, 0x00000000e1780000)
  object space 55808K, 26% used [0x00000000a4600000,0x00000000a542ea70,0x00000000a7c80000)
 Metaspace       used 20638K, capacity 21112K, committed 21296K, reserved 1069056K
  class space    used 2452K, capacity 2600K, committed 2688K, reserved 1048576K
}
Event: 9.371 GC heap before
{Heap before GC invocations=8 (full 1):
 PSYoungGen      total 203776K, used 192512K [0x00000000e1780000, 0x00000000ee980000, 0x0000000100000000)
  eden space 192512K, 100% used [0x00000000e1780000,0x00000000ed380000,0x00000000ed380000)
  from space 11264K, 0% used [0x00000000ede80000,0x00000000ede80000,0x00000000ee980000)
  to   space 11264K, 0% used [0x00000000ed380000,0x00000000ed380000,0x00000000ede80000)
 ParOldGen       total 55808K, used 14522K [0x00000000a4600000, 0x00000000a7c80000, 0x00000000e1780000)
  object space 55808K, 26% used [0x00000000a4600000,0x00000000a542ea70,0x00000000a7c80000)
 Metaspace       used 33545K, capacity 34122K, committed 34432K, reserved 1079296K
  class space    used 3750K, capacity 3923K, committed 3968K, reserved 1048576K

